app/build/intermediates/manifest_merge_blame_file/debug/manifest-merger-blame-debug-report.txt
1<?xml version="1.0" encoding="utf-8"?>
2<manifest xmlns:android="http://schemas.android.com/apk/res/android"
3    package="com.jorge.apoorinstabram"
4    android:versionCode="1"
5    android:versionName="1.0" >
6
7    <uses-sdk
8        android:minSdkVersion="23"
8-->src/main/AndroidManifest.xml
9        android:targetSdkVersion="30" />
9-->src/main/AndroidManifest.xml
10
11    <uses-permission android:name="android.permission.INTERNET" />
11-->src/main/AndroidManifest.xml:6:5-67
11-->src/main/AndroidManifest.xml:6:22-64
12
13    <application
13-->src/main/AndroidManifest.xml:8:5-33:19
14        android:name="com.jorge.apoorinstagram.App"
14-->src/main/AndroidManifest.xml:9:9-52
15        android:allowBackup="true"
15-->src/main/AndroidManifest.xml:10:9-35
16        android:appComponentFactory="androidx.core.app.CoreComponentFactory"
16-->[androidx.core:core:1.5.0] AndroidManifest.xml:24:18-86
17        android:debuggable="true"
18        android:extractNativeLibs="false"
19        android:icon="@mipmap/ic_launcher"
19-->src/main/AndroidManifest.xml:11:9-43
20        android:label="@string/app_name"
20-->src/main/AndroidManifest.xml:12:9-41
21        android:roundIcon="@mipmap/ic_launcher_round"
21-->src/main/AndroidManifest.xml:13:9-54
22        android:supportsRtl="true"
22-->src/main/AndroidManifest.xml:14:9-35
23        android:testOnly="true"
24        android:theme="@style/Theme.APoorInstabram" >
24-->src/main/AndroidManifest.xml:15:9-52
25        <activity android:name="com.jorge.apoorinstagram.album.AlbumActivity" />
25-->src/main/AndroidManifest.xml:16:9-90
25-->src/main/AndroidManifest.xml:16:19-78
26        <activity android:name="com.jorge.apoorinstagram.MainActivity" >
26-->src/main/AndroidManifest.xml:17:9-32:20
26-->src/main/AndroidManifest.xml:17:19-71
27            <intent-filter>
27-->src/main/AndroidManifest.xml:18:13-22:29
28                <action android:name="android.intent.action.MAIN" />
28-->src/main/AndroidManifest.xml:19:17-69
28-->src/main/AndroidManifest.xml:19:25-66
29
30                <category android:name="android.intent.category.LAUNCHER" />
30-->src/main/AndroidManifest.xml:21:17-77
30-->src/main/AndroidManifest.xml:21:27-74
31            </intent-filter>
32            <intent-filter android:label="Oauth2" >
32-->src/main/AndroidManifest.xml:23:13-31:29
32-->src/main/AndroidManifest.xml:23:28-50
33                <action android:name="android.intent.action.VIEW" />
33-->src/main/AndroidManifest.xml:24:17-69
33-->src/main/AndroidManifest.xml:24:25-66
34                <action android:name="android.intent.category.DEFAULT" />
34-->src/main/AndroidManifest.xml:25:17-74
34-->src/main/AndroidManifest.xml:25:25-71
35                <action android:name="android.intent.category.BROWSABLE" />
35-->src/main/AndroidManifest.xml:26:17-76
35-->src/main/AndroidManifest.xml:26:25-73
36                <!-- interceptar url con imgram://oauth2 -->
37                <data
37-->src/main/AndroidManifest.xml:28:17-30:47
38                    android:host="oauth2"
38-->src/main/AndroidManifest.xml:29:21-42
39                    android:scheme="imgram" />
39-->src/main/AndroidManifest.xml:30:21-44
40            </intent-filter>
41        </activity>
42
43        <service
43-->[androidx.room:room-runtime:2.3.0] AndroidManifest.xml:25:9-28:40
44            android:name="androidx.room.MultiInstanceInvalidationService"
44-->[androidx.room:room-runtime:2.3.0] AndroidManifest.xml:26:13-74
45            android:directBootAware="true"
45-->[androidx.room:room-runtime:2.3.0] AndroidManifest.xml:27:13-43
46            android:exported="false" />
46-->[androidx.room:room-runtime:2.3.0] AndroidManifest.xml:28:13-37
47    </application>
48
49</manifest>